<?xml version="1.0" encoding="UTF-8"?>
<!-- Generated by org.testng.reporters.JUnitXMLReporter -->
<testsuite hostname="DESKTOP-B3FM07C" ignored="0" name="Test" tests="4" failures="0" timestamp="08 Apr 2021 11:22:45 GMT" time="16.091" errors="0">
  <testcase name="tc1" time="1.425" classname="org.test.AdactinTestNG"/>
  <testcase name="searchHotel" time="1.517" classname="org.test.AdactinTestNG"/>
  <testcase name="selectHotel" time="0.878" classname="org.test.AdactinTestNG"/>
  <testcase name="bookHotel" time="1.113" classname="org.test.AdactinTestNG"/>
</testsuite> <!-- Test -->
